writeCommonTags: couldn't write 'year' tag to 'THE KEEP CD2 Original Soundtrack-Complete Recordings-Oc6tflsFlN4.m4a' as it's not a positive integer
writeCommonTags: couldn't write 'track' tag to 'THE KEEP CD2 Original Soundtrack-Complete Recordings-Oc6tflsFlN4.m4a' as it's not a positive integer
writeCommonTags: couldn't write 'year' tag to 'THE KEEP CD1 - Original Soundtrack-Complete Recordings-7VPKs1Io7A0.m4a' as it's not a positive integer
writeCommonTags: couldn't write 'track' tag to 'THE KEEP CD1 - Original Soundtrack-Complete Recordings-7VPKs1Io7A0.m4a' as it's not a positive integer
writeCommonTags: couldn't write 'year' tag to 'THE KEEP CD2 Original Soundtrack-Complete Recordings-Oc6tflsFlN4.m4a' as it's not a positive integer
writeCommonTags: couldn't write 'track' tag to 'THE KEEP CD2 Original Soundtrack-Complete Recordings-Oc6tflsFlN4.m4a' as it's not a positive integer
writeCommonTags: couldn't write 'year' tag to 'The Thing (Complete Score) - Ennio Morricone-zgiSXRoG2tQ.m4a' as it's not a positive integer
writeCommonTags: couldn't write 'track' tag to 'The Thing (Complete Score) - Ennio Morricone-zgiSXRoG2tQ.m4a' as it's not a positive integer
writeCommonTags: couldn't write 'year' tag to 'Blind Willie Johnson - Dark was the night...-BNj2BXW852g.m4a' as it's not a positive integer
writeCommonTags: couldn't write 'track' tag to 'Blind Willie Johnson - Dark was the night...-BNj2BXW852g.m4a' as it's not a positive integer
writeCommonTags: couldn't write 'year' tag to 'Natural Snow Buildings - John Carpenter-u_cpLESGE40.m4a' as it's not a positive integer
writeCommonTags: couldn't write 'track' tag to 'Natural Snow Buildings - John Carpenter-u_cpLESGE40.m4a' as it's not a positive integer
writeCommonTags: couldn't write 'year' tag to 'Hyper Light Drifter - Complete OST-bq7a_ktfYck.m4a' as it's not a positive integer
writeCommonTags: couldn't write 'track' tag to 'Hyper Light Drifter - Complete OST-bq7a_ktfYck.m4a' as it's not a positive integer
writeCommonTags: couldn't write 'year' tag to 'Natural Snow Buildings - Terror's Horns (Full Album, 2015)-U7E0pXfelXg.m4a' as it's not a positive integer
writeCommonTags: couldn't write 'track' tag to 'Natural Snow Buildings - Terror's Horns (Full Album, 2015)-U7E0pXfelXg.m4a' as it's not a positive integer
writeCommonTags: couldn't write 'year' tag to 'Godspeed You! Black Emperor - F#A#∞ (1998)-VpAwrkmzmp0.m4a' as it's not a positive integer
writeCommonTags: couldn't write 'track' tag to 'Godspeed You! Black Emperor - F#A#∞ (1998)-VpAwrkmzmp0.m4a' as it's not a positive integer
writeCommonTags: couldn't write 'track' tag to 'Natural Snow Buildings - The Dance of the Moon and the Sun (2006) [Full Album]-MGlcxjKfU8A.m4a' as it's not a positive integer
writeCommonTags: couldn't write 'year' tag to 'Hyper Light Drifter by Baths-YqlNpMq8EGc.m4a' as it's not a positive integer
writeCommonTags: couldn't write 'track' tag to 'Hyper Light Drifter by Baths-YqlNpMq8EGc.m4a' as it's not a positive integer
writeCommonTags: couldn't write 'year' tag to 'Hyper Light Drifter by Baths-YqlNpMq8EGc.m4a' as it's not a positive integer
writeCommonTags: couldn't write 'track' tag to 'Hyper Light Drifter by Baths-YqlNpMq8EGc.m4a' as it's not a positive integer
writeCommonTags: couldn't write 'year' tag to 'Godspeed You! Black Emperor - F#A#∞ (1998)-VpAwrkmzmp0.m4a' as it's not a positive integer
writeCommonTags: couldn't write 'track' tag to 'Godspeed You! Black Emperor - F#A#∞ (1998)-VpAwrkmzmp0.m4a' as it's not a positive integer
writeCommonTags: couldn't write 'year' tag to 'Natural Snow Buildings - The Snowbringer Cult (2008) [Full Album]-1n_LH78vBqc.m4a' as it's not a positive integer
writeCommonTags: couldn't write 'track' tag to 'Natural Snow Buildings - The Snowbringer Cult (2008) [Full Album]-1n_LH78vBqc.m4a' as it's not a positive integer
writeCommonTags: couldn't write 'year' tag to 'Natural Snow Buildings - The Snowbringer Cult (2008) [Full Album]-1n_LH78vBqc.m4a' as it's not a positive integer
writeCommonTags: couldn't write 'track' tag to 'Natural Snow Buildings - The Snowbringer Cult (2008) [Full Album]-1n_LH78vBqc.m4a' as it's not a positive integer
writeCommonTags: couldn't write 'year' tag to 'The Caretaker - Everywhere At The End Of Time - Stages 1-6 (Complete)-wJWksPWDKOc.m4a' as it's not a positive integer
writeCommonTags: couldn't write 'track' tag to 'The Caretaker - Everywhere At The End Of Time - Stages 1-6 (Complete)-wJWksPWDKOc.m4a' as it's not a positive integer
writeCommonTags: couldn't write 'year' tag to 'Jackson C. Frank (1965) (Full Album)-0va3F2PWBJc.m4a' as it's not a positive integer
writeCommonTags: couldn't write 'track' tag to 'Jackson C. Frank (1965) (Full Album)-0va3F2PWBJc.m4a' as it's not a positive integer
